I 2018-07-05 10:11:26:797 server.cc(86) Starting WebDriver server on port: '42239' on host: ''
T 2018-07-05 10:11:26:797 server.cc(634) Entering Server::PopulateCommandRepository
T 2018-07-05 10:11:26:797 IEServer.cpp(32) Entering IEServer::IEServer
I 2018-07-05 10:11:26:797 IEServer.cpp(33) Driver version: 3.6.0.0 (32-bit)
T 2018-07-05 10:11:26:797 server.cc(121) Entering Server::Start
D 2018-07-05 10:11:26:797 server.cc(148) Civetweb ACL is -0.0.0.0/0,+127.0.0.1
T 2018-07-05 10:11:27:231 server.cc(174) Entering Server::ProcessRequest
T 2018-07-05 10:11:27:231 server.cc(183) Process request with: URI: /status HTTP verb: GET
body: {}
T 2018-07-05 10:11:27:231 server.cc(272) Entering Server::DispatchCommand
T 2018-07-05 10:11:27:231 server.cc(583) Entering Server::LookupCommand
D 2018-07-05 10:11:27:231 server.cc(281) Command: GET /status {}
T 2018-07-05 10:11:27:232 IEServer.cpp(51) Entering IEServer::GetStatus
T 2018-07-05 10:11:27:232 response.cc(72) Entering Response::SetSuccessResponse
T 2018-07-05 10:11:27:232 response.cc(78) Entering Response::SetResponse
T 2018-07-05 10:11:27:232 response.cc(51) Entering Response::Serialize
D 2018-07-05 10:11:27:232 server.cc(338) Response: {"value":{"build":{"version":"3.6.0.0 (32-bit)"},"message":"Ready to create session","os":{"arch":"x64","name":"windows","version":"10.0.17134.1 (WinBuild.160101.0800)"},"ready":true}}

T 2018-07-05 10:11:27:232 server.cc(391) Entering Server::SendResponseToClient
T 2018-07-05 10:11:27:232 response.cc(30) Entering Response::Deserialize
T 2018-07-05 10:11:27:232 server.cc(445) Entering Server::SendHttpOk
T 2018-07-05 10:11:27:562 server.cc(174) Entering Server::ProcessRequest
T 2018-07-05 10:11:27:562 server.cc(238) Entering Server::ReadRequestBody
T 2018-07-05 10:11:27:562 server.cc(183) Process request with: URI: /session HTTP verb: POST
body: {
  "desiredCapabilities": {"browserName":"internet explorer","ensureCleanSession":true,"ie.usePerProcessProxy":"true","platform":"WINDOWS","se:ieOptions":{"ie.usePerProcessProxy":"true"}},
  "capabilities": {
    "desiredCapabilities": {"browserName":"internet explorer","ensureCleanSession":true,"ie.usePerProcessProxy":"true","platform":"WINDOWS","se:ieOptions":{"ie.usePerProcessProxy":"true"}},
    "firstMatch": [
      {"browserName":"internet explorer","platformName":"windows","se:ieOptions":{"ie.usePerProcessProxy":"true"}}
    ]
  }
}
T 2018-07-05 10:11:27:562 server.cc(272) Entering Server::DispatchCommand
T 2018-07-05 10:11:27:562 server.cc(583) Entering Server::LookupCommand
D 2018-07-05 10:11:27:562 server.cc(281) Command: POST /session {
  "desiredCapabilities": {"browserName":"internet explorer","ensureCleanSession":true,"ie.usePerProcessProxy":"true","platform":"WINDOWS","se:ieOptions":{"ie.usePerProcessProxy":"true"}},
  "capabilities": {
    "desiredCapabilities": {"browserName":"internet explorer","ensureCleanSession":true,"ie.usePerProcessProxy":"true","platform":"WINDOWS","se:ieOptions":{"ie.usePerProcessProxy":"true"}},
    "firstMatch": [
      {"browserName":"internet explorer","platformName":"windows","se:ieOptions":{"ie.usePerProcessProxy":"true"}}
    ]
  }
}
T 2018-07-05 10:11:27:562 IEServer.cpp(42) Entering IEServer::InitializeSession
T 2018-07-05 10:11:27:562 IESession.cpp(38) Entering IESession::Initialize
D 2018-07-05 10:11:27:562 IESession.cpp(53) Mutex acquired for session initalization
T 2018-07-05 10:11:27:562 IECommandExecutor.cpp(386) Entering IECommandExecutor::ThreadProc
T 2018-07-05 10:11:27:565 IECommandExecutor.cpp(47) Entering IECommandExecutor::OnCreate
T 2018-07-05 10:11:27:565 IECommandExecutor.cpp(753) Entering IECommandExecutor::PopulateElementFinderMethods
T 2018-07-05 10:11:27:565 InputManager.cpp(40) Entering InputManager::InputManager
T 2018-07-05 10:11:27:565 InputManager.cpp(75) Entering InputManager::Initialize
T 2018-07-05 10:11:27:565 BrowserFactory.cpp(998) Entering BrowserFactory::GetExecutableLocation
T 2018-07-05 10:11:27:608 BrowserFactory.cpp(1039) Entering BrowserFactory::GetIEVersion
T 2018-07-05 10:11:27:609 CommandHandlerRepository.cpp(108) Entering CommandHandlerRepository::PopulateCommandHandlers
T 2018-07-05 10:11:27:609 IESession.cpp(99) Created thread for command executor returns HWND: '01D711F0'
T 2018-07-05 10:11:27:610 IESession.cpp(103) Session id is retrived from command executor window: '15d66c25-99f9-475b-ab63-af1c35cd3302'
D 2018-07-05 10:11:27:610 IESession.cpp(109) Releasing session initialization mutex
T 2018-07-05 10:11:27:610 IESession.cpp(191) Entering IESession::ExecuteCommand
T 2018-07-05 10:11:27:610 IECommandExecutor.cpp(122) Entering IECommandExecutor::OnSetCommand
T 2018-07-05 10:11:27:610 command.cc(31) Entering Command::Deserialize
D 2018-07-05 10:11:27:610 command.cc(36) Raw JSON command: { "name" : "newSession", "locator" : { }, "parameters" : {
  "desiredCapabilities": {"browserName":"internet explorer","ensureCleanSession":true,"ie.usePerProcessProxy":"true","platform":"WINDOWS","se:ieOptions":{"ie.usePerProcessProxy":"true"}},
  "capabilities": {
    "desiredCapabilities": {"browserName":"internet explorer","ensureCleanSession":true,"ie.usePerProcessProxy":"true","platform":"WINDOWS","se:ieOptions":{"ie.usePerProcessProxy":"true"}},
    "firstMatch": [
      {"browserName":"internet explorer","platformName":"windows","se:ieOptions":{"ie.usePerProcessProxy":"true"}}
    ]
  }
} }
T 2018-07-05 10:11:27:610 IECommandExecutor.cpp(133) Entering IECommandExecutor::OnExecCommand
T 2018-07-05 10:11:27:610 IESession.cpp(212) Beginning wait for response length to be not zero
T 2018-07-05 10:11:27:610 IECommandExecutor.cpp(454) Entering IECommandExecutor::DispatchCommand
D 2018-07-05 10:11:27:610 CommandHandlers\NewSessionCommandHandler.cpp(46) Found W3C capabilities structure
D 2018-07-05 10:11:27:610 CommandHandlers\NewSessionCommandHandler.cpp(505) Validating capabilities object
D 2018-07-05 10:11:27:610 CommandHandlers\NewSessionCommandHandler.cpp(505) Validating capabilities object
D 2018-07-05 10:11:27:610 CommandHandlers\NewSessionCommandHandler.cpp(535) Found browserNamecapability. Validating value type is string.
D 2018-07-05 10:11:27:610 CommandHandlers\NewSessionCommandHandler.cpp(564) Found platformNamecapability. Validating value type is string.
D 2018-07-05 10:11:27:610 CommandHandlers\NewSessionCommandHandler.cpp(794) Found proxycapability. Validating value type is object.
T 2018-07-05 10:11:27:610 BrowserFactory.cpp(113) Entering BrowserFactory::Initialize
T 2018-07-05 10:11:27:610 IECommandExecutor.cpp(631) Entering IECommandExecutor::CreateNewBrowser
T 2018-07-05 10:11:27:610 BrowserFactory.cpp(142) Entering BrowserFactory::LaunchBrowserProcess
D 2018-07-05 10:11:27:610 BrowserFactory.cpp(146) Ignoring Protected Mode Settings: 0
D 2018-07-05 10:11:27:610 BrowserFactory.cpp(149) Checking validity of Protected Mode settings.
T 2018-07-05 10:11:27:610 BrowserFactory.cpp(1058) Entering BrowserFactory::ProtectedModeSettingsAreValid
D 2018-07-05 10:11:27:610 BrowserFactory.cpp(1061) Detected IE version: 11, Windows version supports Protected Mode: 1
T 2018-07-05 10:11:27:610 BrowserFactory.cpp(1135) Entering BrowserFactory::GetZoneProtectedModeSetting
D 2018-07-05 10:11:27:610 BrowserFactory.cpp(1152) Found Protected Mode setting value of 3 for zone 1
T 2018-07-05 10:11:27:610 BrowserFactory.cpp(1135) Entering BrowserFactory::GetZoneProtectedModeSetting
D 2018-07-05 10:11:27:610 BrowserFactory.cpp(1156) RegQueryValueEx failed for getting Protected Mode setting for a zone: 2
T 2018-07-05 10:11:27:610 BrowserFactory.cpp(1135) Entering BrowserFactory::GetZoneProtectedModeSetting
D 2018-07-05 10:11:27:610 BrowserFactory.cpp(1156) RegQueryValueEx failed for getting Protected Mode setting for a zone: 3
T 2018-07-05 10:11:27:610 BrowserFactory.cpp(1135) Entering BrowserFactory::GetZoneProtectedModeSetting
D 2018-07-05 10:11:27:610 BrowserFactory.cpp(1156) RegQueryValueEx failed for getting Protected Mode setting for a zone: 4
D 2018-07-05 10:11:27:610 BrowserFactory.cpp(152) Has Valid Protected Mode Settings: 1
T 2018-07-05 10:11:27:610 BrowserFactory.cpp(226) Entering BrowserFactory::IsIELaunchURLAvailable
T 2018-07-05 10:11:27:616 BrowserFactory.cpp(130) Entering BrowserFactory::ClearCache
T 2018-07-05 10:11:27:616 BrowserFactory.cpp(247) Entering BrowserFactory::LaunchBrowserUsingIELaunchURL
D 2018-07-05 10:11:27:616 BrowserFactory.cpp(248) Starting IE using the IELaunchURL API
D 2018-07-05 10:11:29:027 BrowserFactory.cpp(202) IE launched successfully with process ID 4236
D 2018-07-05 10:11:29:028 BrowserFactory.cpp(208) Process with ID 4236 is executing iexplore.exe
T 2018-07-05 10:11:29:028 BrowserFactory.cpp(365) Entering BrowserFactory::AttachToBrowser
D 2018-07-05 10:11:29:028 BrowserFactory.cpp(375) Using Active Accessibility to find IWebBrowser2 interface
T 2018-07-05 10:11:29:028 BrowserFactory.cpp(414) Entering BrowserFactory::AttachToBrowserUsingActiveAccessibility
T 2018-07-05 10:11:29:479 server.cc(174) Entering Server::ProcessRequest
T 2018-07-05 10:11:29:479 server.cc(183) Process request with: URI: / HTTP verb: GET
body: {}
T 2018-07-05 10:11:29:479 server.cc(445) Entering Server::SendHttpOk
D 2018-07-05 10:11:31:298 BrowserFactory.cpp(434) Found window handle 00821006 for window with class 'Internet Explorer_Server' belonging to process with id 4236
T 2018-07-05 10:11:31:298 BrowserFactory.cpp(329) Entering BrowserFactory::GetDocumentFromWindowHandle
T 2018-07-05 10:11:31:527 server.cc(174) Entering Server::ProcessRequest
T 2018-07-05 10:11:31:527 server.cc(183) Process request with: URI: /favicon.ico HTTP verb: GET
body: {}
T 2018-07-05 10:11:31:527 server.cc(272) Entering Server::DispatchCommand
T 2018-07-05 10:11:31:527 server.cc(583) Entering Server::LookupCommand
D 2018-07-05 10:11:31:527 server.cc(281) Command: GET /favicon.ico {}
D 2018-07-05 10:11:31:527 server.cc(338) Response: { "error" : "unknown method", "message" : "Command not found: GET /favicon.ico" }
T 2018-07-05 10:11:31:527 server.cc(391) Entering Server::SendResponseToClient
T 2018-07-05 10:11:31:527 response.cc(30) Entering Response::Deserialize
T 2018-07-05 10:11:31:527 server.cc(445) Entering Server::SendHttpOk
D 2018-07-05 10:11:31:909 BrowserFactory.cpp(396) Ignoring zoom setting: 0
T 2018-07-05 10:11:31:909 BrowserFactory.cpp(574) Entering BrowserFactory::GetBrowserZoomLevel
T 2018-07-05 10:11:31:919 BrowserFactory.cpp(614) Entering BrowserFactory::GetZoomLevel
D 2018-07-05 10:11:31:978 BrowserFactory.cpp(694) Browser zoom level is 100%
I 2018-07-05 10:11:31:980 IECommandExecutor.cpp(654) Persistent hovering set to: 1
T 2018-07-05 10:11:31:980 ProxyManager.cpp(97) ProxyManager::SetProxySettings
D 2018-07-05 10:11:31:980 ProxyManager.cpp(113) Using existing system proxy settings.
T 2018-07-05 10:11:31:980 DocumentHost.cpp(33) Entering DocumentHost::DocumentHost
T 2018-07-05 10:11:31:980 CookieManager.cpp(49) Entering CookieManager::Initialize
T 2018-07-05 10:11:31:980 Browser.cpp(33) Entering Browser::Browser
T 2018-07-05 10:11:31:980 Browser.cpp(293) Entering Browser::AttachEvents
T 2018-07-05 10:11:31:998 IECommandExecutor.cpp(621) Entering IECommandExecutor::AddManagedBrowser
T 2018-07-05 10:11:31:998 IECommandExecutor.cpp(625) Setting current browser id to 1d1c934f-edbd-4225-9850-50f8df43fa5e
T 2018-07-05 10:11:31:998 response.cc(72) Entering Response::SetSuccessResponse
T 2018-07-05 10:11:31:998 response.cc(78) Entering Response::SetResponse
T 2018-07-05 10:11:31:998 IECommandExecutor.cpp(577) Entering IECommandExecutor::GetCurrentBrowser
T 2018-07-05 10:11:31:998 IECommandExecutor.cpp(583) Entering IECommandExecutor::GetManagedBrowser
T 2018-07-05 10:11:31:998 response.cc(51) Entering Response::Serialize
T 2018-07-05 10:11:32:008 IESession.cpp(221) Found non-zero response length
T 2018-07-05 10:11:32:008 IECommandExecutor.cpp(156) Entering IECommandExecutor::OnGetResponse
T 2018-07-05 10:11:32:008 IECommandExecutor.cpp(285) Entering IECommandExecutor::OnIsSessionValid
T 2018-07-05 10:11:32:008 response.cc(30) Entering Response::Deserialize
D 2018-07-05 10:11:32:008 server.cc(338) Response: {"value":{"capabilities":{"acceptInsecureCerts":false,"browserName":"internet explorer","browserVersion":"11","pageLoadStrategy":"normal","platformName":"windows","se:ieOptions":{"browserAttachTimeout":0,"elementScrollBehavior":0,"enablePersistentHover":true,"ie.browserCommandLineSwitches":"","ie.ensureCleanSession":false,"ie.fileUploadDialogTimeout":3000,"ie.forceCreateProcessApi":false,"ignoreProtectedModeSettings":false,"ignoreZoomSetting":false,"initialBrowserUrl":"http://localhost:42239/","nativeEvents":true,"requireWindowFocus":false},"setWindowRect":true},"sessionId":"15d66c25-99f9-475b-ab63-af1c35cd3302"}}

T 2018-07-05 10:11:32:008 server.cc(391) Entering Server::SendResponseToClient
T 2018-07-05 10:11:32:008 response.cc(30) Entering Response::Deserialize
T 2018-07-05 10:11:32:008 server.cc(445) Entering Server::SendHttpOk
T 2018-07-05 10:11:32:099 server.cc(174) Entering Server::ProcessRequest
T 2018-07-05 10:11:32:099 server.cc(238) Entering Server::ReadRequestBody
T 2018-07-05 10:11:32:099 server.cc(183) Process request with: URI: /session/15d66c25-99f9-475b-ab63-af1c35cd3302/timeouts HTTP verb: POST
body: {"implicit":0}
T 2018-07-05 10:11:32:099 server.cc(272) Entering Server::DispatchCommand
T 2018-07-05 10:11:32:099 server.cc(583) Entering Server::LookupCommand
D 2018-07-05 10:11:32:099 server.cc(281) Command: POST /session/15d66c25-99f9-475b-ab63-af1c35cd3302/timeouts {"implicit":0}
T 2018-07-05 10:11:32:099 server.cc(378) Entering Server::LookupSession
T 2018-07-05 10:11:32:099 IESession.cpp(191) Entering IESession::ExecuteCommand
T 2018-07-05 10:11:32:099 IECommandExecutor.cpp(122) Entering IECommandExecutor::OnSetCommand
T 2018-07-05 10:11:32:099 command.cc(31) Entering Command::Deserialize
D 2018-07-05 10:11:32:099 command.cc(36) Raw JSON command: { "name" : "setTimeouts", "locator" : { "sessionid" : "15d66c25-99f9-475b-ab63-af1c35cd3302" }, "parameters" : {"implicit":0} }
T 2018-07-05 10:11:32:100 IECommandExecutor.cpp(133) Entering IECommandExecutor::OnExecCommand
T 2018-07-05 10:11:32:100 IESession.cpp(212) Beginning wait for response length to be not zero
T 2018-07-05 10:11:32:100 IECommandExecutor.cpp(454) Entering IECommandExecutor::DispatchCommand
T 2018-07-05 10:11:32:100 IECommandExecutor.cpp(577) Entering IECommandExecutor::GetCurrentBrowser
T 2018-07-05 10:11:32:100 IECommandExecutor.cpp(583) Entering IECommandExecutor::GetManagedBrowser
T 2018-07-05 10:11:32:100 IECommandExecutor.cpp(529) Entering IECommandExecutor::IsAlertActive
T 2018-07-05 10:11:32:100 Browser.cpp(700) Entering Browser::GetActiveDialogWindowHandle
T 2018-07-05 10:11:32:100 Browser.cpp(206) Entering Browser::GetContentWindowHandle
D 2018-07-05 10:11:32:100 IECommandExecutor.cpp(543) No alert handle is found
T 2018-07-05 10:11:32:100 IECommandExecutor.cpp(577) Entering IECommandExecutor::GetCurrentBrowser
T 2018-07-05 10:11:32:100 IECommandExecutor.cpp(583) Entering IECommandExecutor::GetManagedBrowser
T 2018-07-05 10:11:32:100 response.cc(51) Entering Response::Serialize
T 2018-07-05 10:11:32:110 IESession.cpp(221) Found non-zero response length
T 2018-07-05 10:11:32:110 IECommandExecutor.cpp(156) Entering IECommandExecutor::OnGetResponse
T 2018-07-05 10:11:32:110 IECommandExecutor.cpp(285) Entering IECommandExecutor::OnIsSessionValid
D 2018-07-05 10:11:32:111 server.cc(338) Response: {"value":null}

T 2018-07-05 10:11:32:111 server.cc(391) Entering Server::SendResponseToClient
T 2018-07-05 10:11:32:111 response.cc(30) Entering Response::Deserialize
T 2018-07-05 10:11:32:111 server.cc(445) Entering Server::SendHttpOk
T 2018-07-05 10:11:32:129 server.cc(174) Entering Server::ProcessRequest
T 2018-07-05 10:11:32:129 server.cc(238) Entering Server::ReadRequestBody
T 2018-07-05 10:11:32:129 server.cc(183) Process request with: URI: /session/15d66c25-99f9-475b-ab63-af1c35cd3302/execute/sync HTTP verb: POST
body: {"script":"return navigator.sayswho\u003d (function() { var ua\u003d navigator.userAgent, tem, M\u003d ua.match(/(opera|chrome|safari|firefox|msie|trident)\\/?\\s*(\\.?\\d+(\\.\\d+)*)/i) || []; if (/trident/i.test(M[1])) {     tem\u003d  /\\brv[ :]+(\\d+)/g.exec(ua) || [];     return \u0027IE \u0027+(tem[1] || \u0027\u0027); } if(M[1]\u003d\u003d\u003d \u0027Chrome\u0027) {     tem\u003d ua.match(/\\b(OPR|Edge)\\/(\\d+)/);     if(tem!\u003d null) return tem.slice(1).join(\u0027 \u0027).replace(\u0027OPR\u0027, \u0027Opera\u0027); } M\u003d M[2]? [M[1], M[2]]: [navigator.appName, navigator.appVersion, \u0027-?\u0027]; if((tem\u003d ua.match(/version\\/(\\d+)/i))!\u003d null) M.splice(1, 1, tem[1]); return M.join(\u0027 \u0027).replace(\u0027MSIE\u0027, \u0027IE\u0027);})();","args":[]}
T 2018-07-05 10:11:32:129 server.cc(272) Entering Server::DispatchCommand
T 2018-07-05 10:11:32:129 server.cc(583) Entering Server::LookupCommand
D 2018-07-05 10:11:32:129 server.cc(281) Command: POST /session/15d66c25-99f9-475b-ab63-af1c35cd3302/execute/sync {"script":"return navigator.sayswho\u003d (function() { var ua\u003d navigator.userAgent, tem, M\u003d ua.match(/(opera|chrome|safari|firefox|msie|trident)\\/?\\s*(\\.?\\d+(\\.\\d+)*)/i) || []; if (/trident/i.test(M[1])) {     tem\u003d  /\\brv[ :]+(\\d+)/g.exec(ua) || [];     return \u0027IE \u0027+(tem[1] || \u0027\u0027); } if(M[1]\u003d\u003d\u003d \u0027Chrome\u0027) {     tem\u003d ua.match(/\\b(OPR|Edge)\\/(\\d+)/);     if(tem!\u003d null) return tem.slice(1).join(\u0027 \u0027).replace(\u0027OPR\u0027, \u0027Opera\u0027); } M\u003d M[2]? [M[1], M[2]]: [navigator.appName, navigator.appVersion, \u0027-?\u0027]; if((tem\u003d ua.match(/version\\/(\\d+)/i))!\u003d null) M.splice(1, 1, tem[1]); return M.join(\u0027 \u0027).replace(\u0027MSIE\u0027, \u0027IE\u0027);})();","args":[]}
T 2018-07-05 10:11:32:130 server.cc(378) Entering Server::LookupSession
T 2018-07-05 10:11:32:130 IESession.cpp(191) Entering IESession::ExecuteCommand
T 2018-07-05 10:11:32:130 IECommandExecutor.cpp(122) Entering IECommandExecutor::OnSetCommand
T 2018-07-05 10:11:32:130 command.cc(31) Entering Command::Deserialize
D 2018-07-05 10:11:32:130 command.cc(36) Raw JSON command: { "name" : "executeScript", "locator" : { "sessionid" : "15d66c25-99f9-475b-ab63-af1c35cd3302" }, "parameters" : {"script":"return navigator.sayswho\u003d (function() { var ua\u003d navigator.userAgent, tem, M\u003d ua.match(/(opera|chrome|safari|firefox|msie|trident)\\/?\\s*(\\.?\\d+(\\.\\d+)*)/i) || []; if (/trident/i.test(M[1])) {     tem\u003d  /\\brv[ :]+(\\d+)/g.exec(ua) || [];     return \u0027IE \u0027+(tem[1] || \u0027\u0027); } if(M[1]\u003d\u003d\u003d \u0027Chrome\u0027) {     tem\u003d ua.match(/\\b(OPR|Edge)\\/(\\d+)/);     if(tem!\u003d null) return tem.slice(1).join(\u0027 \u0027).replace(\u0027OPR\u0027, \u0027Opera\u0027); } M\u003d M[2]? [M[1], M[2]]: [navigator.appName, navigator.appVersion, \u0027-?\u0027]; if((tem\u003d ua.match(/version\\/(\\d+)/i))!\u003d null) M.splice(1, 1, tem[1]); return M.join(\u0027 \u0027).replace(\u0027MSIE\u0027, \u0027IE\u0027);})();","args":[]} }
T 2018-07-05 10:11:32:130 IECommandExecutor.cpp(133) Entering IECommandExecutor::OnExecCommand
T 2018-07-05 10:11:32:130 IECommandExecutor.cpp(454) Entering IECommandExecutor::DispatchCommand
T 2018-07-05 10:11:32:130 IECommandExecutor.cpp(577) Entering IECommandExecutor::GetCurrentBrowser
T 2018-07-05 10:11:32:130 IECommandExecutor.cpp(583) Entering IECommandExecutor::GetManagedBrowser
T 2018-07-05 10:11:32:130 IECommandExecutor.cpp(529) Entering IECommandExecutor::IsAlertActive
T 2018-07-05 10:11:32:130 Browser.cpp(700) Entering Browser::GetActiveDialogWindowHandle
T 2018-07-05 10:11:32:130 Browser.cpp(206) Entering Browser::GetContentWindowHandle
D 2018-07-05 10:11:32:130 IECommandExecutor.cpp(543) No alert handle is found
T 2018-07-05 10:11:32:130 IECommandExecutor.cpp(577) Entering IECommandExecutor::GetCurrentBrowser
T 2018-07-05 10:11:32:130 IECommandExecutor.cpp(583) Entering IECommandExecutor::GetManagedBrowser
T 2018-07-05 10:11:32:130 Browser.cpp(126) Entering Browser::GetDocument
I 2018-07-05 10:11:32:130 Browser.cpp(130) No child frame focus. Focus is on top-level frame
T 2018-07-05 10:11:32:130 IESession.cpp(212) Beginning wait for response length to be not zero
T 2018-07-05 10:11:32:147 Browser.cpp(613) Entering Browser::GetDocumentFromWindow
T 2018-07-05 10:11:32:156 Script.cpp(49) Entering Script::Initialize
T 2018-07-05 10:11:32:156 CommandHandlers\ExecuteScriptCommandHandler.cpp(85) Entering ExecuteScriptCommandHandler::PopulateArgumentArray
T 2018-07-05 10:11:32:156 Script.cpp(169) Entering Script::Execute
T 2018-07-05 10:11:32:156 Script.cpp(438) Entering Script::CreateAnonymousFunction
T 2018-07-05 10:11:32:251 Script.cpp(426) Entering Script::ConvertResultToJsonValue
T 2018-07-05 10:11:32:251 response.cc(72) Entering Response::SetSuccessResponse
T 2018-07-05 10:11:32:251 response.cc(78) Entering Response::SetResponse
T 2018-07-05 10:11:32:251 IECommandExecutor.cpp(577) Entering IECommandExecutor::GetCurrentBrowser
T 2018-07-05 10:11:32:251 IECommandExecutor.cpp(583) Entering IECommandExecutor::GetManagedBrowser
T 2018-07-05 10:11:32:251 response.cc(51) Entering Response::Serialize
T 2018-07-05 10:11:32:257 IESession.cpp(221) Found non-zero response length
T 2018-07-05 10:11:32:257 IECommandExecutor.cpp(156) Entering IECommandExecutor::OnGetResponse
T 2018-07-05 10:11:32:258 IECommandExecutor.cpp(285) Entering IECommandExecutor::OnIsSessionValid
D 2018-07-05 10:11:32:258 server.cc(338) Response: {"value":"IE 11"}

T 2018-07-05 10:11:32:258 server.cc(391) Entering Server::SendResponseToClient
T 2018-07-05 10:11:32:258 response.cc(30) Entering Response::Deserialize
T 2018-07-05 10:11:32:258 server.cc(445) Entering Server::SendHttpOk
T 2018-07-05 10:11:32:270 server.cc(174) Entering Server::ProcessRequest
T 2018-07-05 10:11:32:270 server.cc(238) Entering Server::ReadRequestBody
T 2018-07-05 10:11:32:270 server.cc(183) Process request with: URI: /session/15d66c25-99f9-475b-ab63-af1c35cd3302/url HTTP verb: POST
body: {"url":"http://executeautomation.com/demosite/Login.html"}
T 2018-07-05 10:11:32:270 server.cc(272) Entering Server::DispatchCommand
T 2018-07-05 10:11:32:270 server.cc(583) Entering Server::LookupCommand
D 2018-07-05 10:11:32:270 server.cc(281) Command: POST /session/15d66c25-99f9-475b-ab63-af1c35cd3302/url {"url":"http://executeautomation.com/demosite/Login.html"}
T 2018-07-05 10:11:32:270 server.cc(378) Entering Server::LookupSession
T 2018-07-05 10:11:32:270 IESession.cpp(191) Entering IESession::ExecuteCommand
T 2018-07-05 10:11:32:270 IECommandExecutor.cpp(122) Entering IECommandExecutor::OnSetCommand
T 2018-07-05 10:11:32:270 command.cc(31) Entering Command::Deserialize
D 2018-07-05 10:11:32:270 command.cc(36) Raw JSON command: { "name" : "get", "locator" : { "sessionid" : "15d66c25-99f9-475b-ab63-af1c35cd3302" }, "parameters" : {"url":"http://executeautomation.com/demosite/Login.html"} }
T 2018-07-05 10:11:32:270 IESession.cpp(212) Beginning wait for response length to be not zero
T 2018-07-05 10:11:32:270 IECommandExecutor.cpp(133) Entering IECommandExecutor::OnExecCommand
T 2018-07-05 10:11:32:270 IECommandExecutor.cpp(454) Entering IECommandExecutor::DispatchCommand
T 2018-07-05 10:11:32:270 IECommandExecutor.cpp(577) Entering IECommandExecutor::GetCurrentBrowser
T 2018-07-05 10:11:32:270 IECommandExecutor.cpp(583) Entering IECommandExecutor::GetManagedBrowser
T 2018-07-05 10:11:32:270 IECommandExecutor.cpp(529) Entering IECommandExecutor::IsAlertActive
T 2018-07-05 10:11:32:270 Browser.cpp(700) Entering Browser::GetActiveDialogWindowHandle
T 2018-07-05 10:11:32:270 Browser.cpp(206) Entering Browser::GetContentWindowHandle
D 2018-07-05 10:11:32:271 IECommandExecutor.cpp(543) No alert handle is found
T 2018-07-05 10:11:32:272 IECommandExecutor.cpp(577) Entering IECommandExecutor::GetCurrentBrowser
T 2018-07-05 10:11:32:272 IECommandExecutor.cpp(583) Entering IECommandExecutor::GetManagedBrowser
T 2018-07-05 10:11:32:272 Browser.cpp(318) Entring Browser::NavigateToUrl
T 2018-07-05 10:11:32:580 DocumentHost.cpp(142) Entering DocumentHost::SetFocusedFrameByElement
T 2018-07-05 10:11:32:580 response.cc(72) Entering Response::SetSuccessResponse
T 2018-07-05 10:11:32:580 response.cc(78) Entering Response::SetResponse
T 2018-07-05 10:11:32:580 IECommandExecutor.cpp(577) Entering IECommandExecutor::GetCurrentBrowser
T 2018-07-05 10:11:32:580 IECommandExecutor.cpp(583) Entering IECommandExecutor::GetManagedBrowser
T 2018-07-05 10:11:32:581 response.cc(51) Entering Response::Serialize
T 2018-07-05 10:11:32:581 IECommandExecutor.cpp(172) Entering IECommandExecutor::OnWait
T 2018-07-05 10:11:32:581 IECommandExecutor.cpp(577) Entering IECommandExecutor::GetCurrentBrowser
T 2018-07-05 10:11:32:581 IECommandExecutor.cpp(583) Entering IECommandExecutor::GetManagedBrowser
T 2018-07-05 10:11:32:581 Browser.cpp(438) Entering Browser::Wait
D 2018-07-05 10:11:32:581 Browser.cpp(448) Navigate Events Completed.
T 2018-07-05 10:11:32:581 Browser.cpp(700) Entering Browser::GetActiveDialogWindowHandle
T 2018-07-05 10:11:32:581 Browser.cpp(206) Entering Browser::GetContentWindowHandle
D 2018-07-05 10:11:32:582 Browser.cpp(508) Waiting for document to complete...
T 2018-07-05 10:11:32:582 Browser.cpp(522) Entering Browser::IsDocumentNavigating
D 2018-07-05 10:11:32:595 Browser.cpp(513) Not in navigating state
T 2018-07-05 10:11:32:604 IESession.cpp(221) Found non-zero response length
T 2018-07-05 10:11:32:604 IECommandExecutor.cpp(156) Entering IECommandExecutor::OnGetResponse
T 2018-07-05 10:11:32:604 IECommandExecutor.cpp(285) Entering IECommandExecutor::OnIsSessionValid
D 2018-07-05 10:11:32:604 server.cc(338) Response: {"value":null}

T 2018-07-05 10:11:32:604 server.cc(391) Entering Server::SendResponseToClient
T 2018-07-05 10:11:32:604 response.cc(30) Entering Response::Deserialize
T 2018-07-05 10:11:32:604 server.cc(445) Entering Server::SendHttpOk
T 2018-07-05 10:11:32:927 Browser.cpp(54) Entering Browser::OnQuit
T 2018-07-05 10:11:32:927 DocumentHost.cpp(252) Entering DocumentHost::PostQuitMessage
T 2018-07-05 10:11:32:928 IECommandExecutor.cpp(250) Entering IECommandExecutor::OnBrowserQuit
T 2018-07-05 10:11:32:928 IECommandExecutor.cpp(529) Entering IECommandExecutor::IsAlertActive
T 2018-07-05 10:11:32:928 Browser.cpp(700) Entering Browser::GetActiveDialogWindowHandle
T 2018-07-05 10:11:32:928 Browser.cpp(206) Entering Browser::GetContentWindowHandle
D 2018-07-05 10:11:32:928 IECommandExecutor.cpp(543) No alert handle is found
T 2018-07-05 10:11:32:928 Browser.cpp(300) Entering Browser::DetachEvents
T 2018-07-05 10:11:34:940 server.cc(174) Entering Server::ProcessRequest
T 2018-07-05 10:11:34:940 server.cc(238) Entering Server::ReadRequestBody
T 2018-07-05 10:11:34:940 server.cc(183) Process request with: URI: /session/15d66c25-99f9-475b-ab63-af1c35cd3302/elements HTTP verb: POST
body: {"value":"id(\"userName\")/p[1]/input[1]","using":"xpath"}
T 2018-07-05 10:11:34:940 server.cc(272) Entering Server::DispatchCommand
T 2018-07-05 10:11:34:940 server.cc(583) Entering Server::LookupCommand
D 2018-07-05 10:11:34:940 server.cc(281) Command: POST /session/15d66c25-99f9-475b-ab63-af1c35cd3302/elements {"value":"id(\"userName\")/p[1]/input[1]","using":"xpath"}
T 2018-07-05 10:11:34:940 server.cc(378) Entering Server::LookupSession
T 2018-07-05 10:11:34:940 IESession.cpp(191) Entering IESession::ExecuteCommand
T 2018-07-05 10:11:34:940 IECommandExecutor.cpp(122) Entering IECommandExecutor::OnSetCommand
T 2018-07-05 10:11:34:940 command.cc(31) Entering Command::Deserialize
D 2018-07-05 10:11:34:940 command.cc(36) Raw JSON command: { "name" : "findElements", "locator" : { "sessionid" : "15d66c25-99f9-475b-ab63-af1c35cd3302" }, "parameters" : {"value":"id(\"userName\")/p[1]/input[1]","using":"xpath"} }
T 2018-07-05 10:11:34:940 IECommandExecutor.cpp(133) Entering IECommandExecutor::OnExecCommand
T 2018-07-05 10:11:34:940 IESession.cpp(212) Beginning wait for response length to be not zero
T 2018-07-05 10:11:34:940 IECommandExecutor.cpp(454) Entering IECommandExecutor::DispatchCommand
T 2018-07-05 10:11:34:940 IECommandExecutor.cpp(577) Entering IECommandExecutor::GetCurrentBrowser
T 2018-07-05 10:11:34:940 IECommandExecutor.cpp(583) Entering IECommandExecutor::GetManagedBrowser
W 2018-07-05 10:11:34:940 IECommandExecutor.cpp(591) Browser ID requested was an empty string
W 2018-07-05 10:11:34:940 IECommandExecutor.cpp(503) Unable to find current browser
T 2018-07-05 10:11:34:940 IECommandExecutor.cpp(734) Entering IECommandExecutor::LocateElements
T 2018-07-05 10:11:34:940 IECommandExecutor.cpp(695) Entering IECommandExecutor::GetElementFindMethod
T 2018-07-05 10:11:34:940 ElementFinder.cpp(111) Entering ElementFinder::FindElements
T 2018-07-05 10:11:34:940 IECommandExecutor.cpp(577) Entering IECommandExecutor::GetCurrentBrowser
T 2018-07-05 10:11:34:940 IECommandExecutor.cpp(583) Entering IECommandExecutor::GetManagedBrowser
W 2018-07-05 10:11:34:940 IECommandExecutor.cpp(591) Browser ID requested was an empty string
W 2018-07-05 10:11:34:940 ElementFinder.cpp(167) Unable to get browser
T 2018-07-05 10:11:34:940 response.cc(85) Entering Response::SetErrorResponse
T 2018-07-05 10:11:34:940 response.cc(78) Entering Response::SetResponse
T 2018-07-05 10:11:34:940 IECommandExecutor.cpp(577) Entering IECommandExecutor::GetCurrentBrowser
T 2018-07-05 10:11:34:940 IECommandExecutor.cpp(583) Entering IECommandExecutor::GetManagedBrowser
W 2018-07-05 10:11:34:940 IECommandExecutor.cpp(591) Browser ID requested was an empty string
W 2018-07-05 10:11:34:940 IECommandExecutor.cpp(520) Unable to get current browser
T 2018-07-05 10:11:34:941 response.cc(51) Entering Response::Serialize
T 2018-07-05 10:11:34:951 IESession.cpp(221) Found non-zero response length
T 2018-07-05 10:11:34:951 IECommandExecutor.cpp(156) Entering IECommandExecutor::OnGetResponse
T 2018-07-05 10:11:34:951 IECommandExecutor.cpp(285) Entering IECommandExecutor::OnIsSessionValid
D 2018-07-05 10:11:34:951 server.cc(338) Response: {"value":{"data":null,"error":"no such window","message":"Unable to find elements on closed window","stacktrace":""}}

T 2018-07-05 10:11:34:951 server.cc(391) Entering Server::SendResponseToClient
T 2018-07-05 10:11:34:951 response.cc(30) Entering Response::Deserialize
T 2018-07-05 10:11:34:951 server.cc(465) Entering Server::SendHttpBadRequest
T 2018-07-05 10:11:34:972 server.cc(174) Entering Server::ProcessRequest
T 2018-07-05 10:11:34:972 server.cc(183) Process request with: URI: /session/15d66c25-99f9-475b-ab63-af1c35cd3302/screenshot HTTP verb: GET
body: {}
T 2018-07-05 10:11:34:972 server.cc(272) Entering Server::DispatchCommand
T 2018-07-05 10:11:34:972 server.cc(583) Entering Server::LookupCommand
D 2018-07-05 10:11:34:972 server.cc(281) Command: GET /session/15d66c25-99f9-475b-ab63-af1c35cd3302/screenshot {}
T 2018-07-05 10:11:34:972 server.cc(378) Entering Server::LookupSession
T 2018-07-05 10:11:34:972 IESession.cpp(191) Entering IESession::ExecuteCommand
T 2018-07-05 10:11:34:973 IECommandExecutor.cpp(122) Entering IECommandExecutor::OnSetCommand
T 2018-07-05 10:11:34:973 command.cc(31) Entering Command::Deserialize
D 2018-07-05 10:11:34:973 command.cc(36) Raw JSON command: { "name" : "takeScreenshot", "locator" : { "sessionid" : "15d66c25-99f9-475b-ab63-af1c35cd3302" }, "parameters" : {} }
T 2018-07-05 10:11:34:973 IECommandExecutor.cpp(133) Entering IECommandExecutor::OnExecCommand
T 2018-07-05 10:11:34:973 IESession.cpp(212) Beginning wait for response length to be not zero
T 2018-07-05 10:11:34:973 IECommandExecutor.cpp(454) Entering IECommandExecutor::DispatchCommand
T 2018-07-05 10:11:34:973 IECommandExecutor.cpp(577) Entering IECommandExecutor::GetCurrentBrowser
T 2018-07-05 10:11:34:973 IECommandExecutor.cpp(583) Entering IECommandExecutor::GetManagedBrowser
W 2018-07-05 10:11:34:973 IECommandExecutor.cpp(591) Browser ID requested was an empty string
W 2018-07-05 10:11:34:973 IECommandExecutor.cpp(503) Unable to find current browser
T 2018-07-05 10:11:34:973 CommandHandlers\ScreenshotCommandHandler.cpp(38) Entering ScreenshotCommandHandler::ExecuteInternal
T 2018-07-05 10:11:34:973 IECommandExecutor.cpp(577) Entering IECommandExecutor::GetCurrentBrowser
T 2018-07-05 10:11:34:973 IECommandExecutor.cpp(583) Entering IECommandExecutor::GetManagedBrowser
W 2018-07-05 10:11:34:973 IECommandExecutor.cpp(591) Browser ID requested was an empty string
T 2018-07-05 10:11:34:973 response.cc(91) Entering Response::SetErrorResponse
W 2018-07-05 10:11:34:973 response.cc(92) Error response has status code 23 and message 'Unable to get browser' message
T 2018-07-05 10:11:34:973 response.cc(85) Entering Response::SetErrorResponse
T 2018-07-05 10:11:34:973 response.cc(78) Entering Response::SetResponse
T 2018-07-05 10:11:34:973 IECommandExecutor.cpp(577) Entering IECommandExecutor::GetCurrentBrowser
T 2018-07-05 10:11:34:973 IECommandExecutor.cpp(583) Entering IECommandExecutor::GetManagedBrowser
W 2018-07-05 10:11:34:973 IECommandExecutor.cpp(591) Browser ID requested was an empty string
W 2018-07-05 10:11:34:973 IECommandExecutor.cpp(520) Unable to get current browser
T 2018-07-05 10:11:34:973 response.cc(51) Entering Response::Serialize
T 2018-07-05 10:11:34:983 IESession.cpp(221) Found non-zero response length
T 2018-07-05 10:11:34:983 IECommandExecutor.cpp(156) Entering IECommandExecutor::OnGetResponse
T 2018-07-05 10:11:34:983 IECommandExecutor.cpp(285) Entering IECommandExecutor::OnIsSessionValid
D 2018-07-05 10:11:34:983 server.cc(338) Response: {"value":{"data":null,"error":"no such window","message":"Unable to get browser","stacktrace":""}}

T 2018-07-05 10:11:34:983 server.cc(391) Entering Server::SendResponseToClient
T 2018-07-05 10:11:34:984 response.cc(30) Entering Response::Deserialize
T 2018-07-05 10:11:34:984 server.cc(465) Entering Server::SendHttpBadRequest
T 2018-07-05 10:11:35:030 server.cc(174) Entering Server::ProcessRequest
T 2018-07-05 10:11:35:030 server.cc(183) Process request with: URI: /session/15d66c25-99f9-475b-ab63-af1c35cd3302 HTTP verb: DELETE
body: {}
T 2018-07-05 10:11:35:030 server.cc(272) Entering Server::DispatchCommand
T 2018-07-05 10:11:35:030 server.cc(583) Entering Server::LookupCommand
D 2018-07-05 10:11:35:031 server.cc(281) Command: DELETE /session/15d66c25-99f9-475b-ab63-af1c35cd3302 {}
T 2018-07-05 10:11:35:031 server.cc(378) Entering Server::LookupSession
T 2018-07-05 10:11:35:031 IESession.cpp(191) Entering IESession::ExecuteCommand
T 2018-07-05 10:11:35:031 IECommandExecutor.cpp(122) Entering IECommandExecutor::OnSetCommand
T 2018-07-05 10:11:35:031 command.cc(31) Entering Command::Deserialize
D 2018-07-05 10:11:35:031 command.cc(36) Raw JSON command: { "name" : "quit", "locator" : { "sessionid" : "15d66c25-99f9-475b-ab63-af1c35cd3302" }, "parameters" : {} }
T 2018-07-05 10:11:35:032 IECommandExecutor.cpp(133) Entering IECommandExecutor::OnExecCommand
T 2018-07-05 10:11:35:032 IECommandExecutor.cpp(454) Entering IECommandExecutor::DispatchCommand
T 2018-07-05 10:11:35:032 IECommandExecutor.cpp(577) Entering IECommandExecutor::GetCurrentBrowser
T 2018-07-05 10:11:35:032 IECommandExecutor.cpp(583) Entering IECommandExecutor::GetManagedBrowser
W 2018-07-05 10:11:35:032 IECommandExecutor.cpp(591) Browser ID requested was an empty string
W 2018-07-05 10:11:35:032 IECommandExecutor.cpp(503) Unable to find current browser
T 2018-07-05 10:11:35:032 IECommandExecutor.cpp(607) Entering IECommandExecutor::GetManagedBrowserHandles
T 2018-07-05 10:11:35:032 response.cc(72) Entering Response::SetSuccessResponse
T 2018-07-05 10:11:35:032 IESession.cpp(212) Beginning wait for response length to be not zero
T 2018-07-05 10:11:35:032 response.cc(78) Entering Response::SetResponse
T 2018-07-05 10:11:35:032 IECommandExecutor.cpp(577) Entering IECommandExecutor::GetCurrentBrowser
T 2018-07-05 10:11:35:032 IECommandExecutor.cpp(583) Entering IECommandExecutor::GetManagedBrowser
T 2018-07-05 10:11:35:032 IECommandExecutor.cpp(586) Current command executor is not valid
T 2018-07-05 10:11:35:032 response.cc(51) Entering Response::Serialize
T 2018-07-05 10:11:35:043 IESession.cpp(221) Found non-zero response length
T 2018-07-05 10:11:35:043 IECommandExecutor.cpp(156) Entering IECommandExecutor::OnGetResponse
T 2018-07-05 10:11:35:043 IECommandExecutor.cpp(285) Entering IECommandExecutor::OnIsSessionValid
T 2018-07-05 10:11:35:043 server.cc(225) Entering Server::ShutDownSession
T 2018-07-05 10:11:35:043 IESession.cpp(119) Entering IESession::ShutDown
T 2018-07-05 10:11:35:043 IESession.cpp(173) Entering IESession::WaitForCommandExecutorExit
D 2018-07-05 10:11:35:043 IESession.cpp(150) Executor shutdown successful!
D 2018-07-05 10:11:35:043 IESession.cpp(158) Posting thread shutdown message
D 2018-07-05 10:11:35:043 IESession.cpp(161) Starting wait for thread completion
D 2018-07-05 10:11:35:043 IECommandExecutor.cpp(436) Shutdown message received
D 2018-07-05 10:11:35:043 IESession.cpp(164) Waiting for thread to end returned 4294967295
D 2018-07-05 10:11:35:043 server.cc(338) Response: {"value":null}

T 2018-07-05 10:11:35:043 server.cc(391) Entering Server::SendResponseToClient
T 2018-07-05 10:11:35:043 response.cc(30) Entering Response::Deserialize
T 2018-07-05 10:11:35:043 server.cc(445) Entering Server::SendHttpOk
D 2018-07-05 10:11:35:043 IECommandExecutor.cpp(97) Entering IECommandExecutor::OnDestroy
D 2018-07-05 10:11:35:043 IECommandExecutor.cpp(99) Clearing managed element cache
D 2018-07-05 10:11:35:043 IECommandExecutor.cpp(102) Closing command handler repository
D 2018-07-05 10:11:35:043 IECommandExecutor.cpp(104) Closing element finder
D 2018-07-05 10:11:35:043 IECommandExecutor.cpp(106) Closing input manager
D 2018-07-05 10:11:35:043 IECommandExecutor.cpp(108) Closing proxy manager
T 2018-07-05 10:11:35:043 ProxyManager.cpp(185) ProxyManager::RestoreProxySettings
D 2018-07-05 10:11:35:043 IECommandExecutor.cpp(110) Closing browser factory
D 2018-07-05 10:11:35:043 IECommandExecutor.cpp(112) Posting quit message
D 2018-07-05 10:11:35:043 IECommandExecutor.cpp(114) Leaving IECommandExecutor::OnDestroy
D 2018-07-05 10:11:35:043 IECommandExecutor.cpp(438) Returned from DestroyWindow()
D 2018-07-05 10:11:35:044 IECommandExecutor.cpp(447) Exited IECommandExecutor thread message loop
T 2018-07-05 10:11:35:048 server.cc(174) Entering Server::ProcessRequest
T 2018-07-05 10:11:35:048 server.cc(183) Process request with: URI: /shutdown HTTP verb: GET
body: {}
T 2018-07-05 10:11:35:048 server.cc(445) Entering Server::SendHttpOk
T 2018-07-05 10:11:35:048 IEServer.cpp(88) Entering IEServer::ShutDown
T 2018-07-05 10:11:35:049 WebDriver.cpp(54) Entering StopServer
T 2018-07-05 10:11:35:049 server.cc(165) Entering Server::Stop
